2025-12-14 23:15:32, MOVE, v:1, k:poo@estacionamento, mode:PICK
2025-12-14 23:15:32, EXEC, v:1, k:poo@estacionamento, mode:FULL, rate:0, size:105
2025-12-14 23:15:52, EXEC, v:1, k:poo@estacionamento, mode:FULL, rate:0, size:105
2025-12-14 23:15:53, EXEC, v:1, k:poo@estacionamento, mode:FREE
2025-12-14 23:15:56, EXEC, v:1, k:poo@estacionamento, mode:FULL, rate:0
2025-12-14 23:16:26, EXEC, v:1, k:poo@estacionamento, mode:FULL, rate:0, size:110
2025-12-14 23:16:27, MOVE, v:1, k:poo@estacionamento, mode:BACK
2025-12-14 23:16:29, MOVE, v:1, k:poo@estacionamento, mode:PICK
2025-12-14 23:17:52, EXEC, v:1, k:poo@estacionamento, mode:FULL, rate:0, size:111
2025-12-14 23:18:02, MOVE, v:1, k:poo@estacionamento, mode:BACK
2025-12-14 23:18:03, MOVE, v:1, k:poo@estacionamento, mode:PICK
2025-12-14 23:18:16, EXEC, v:1, k:poo@estacionamento, mode:FULL, rate:0
2025-12-14 23:18:32, EXEC, v:1, k:poo@estacionamento, mode:FULL, rate:0, size:111
2025-12-14 23:19:49, EXEC, v:1, k:poo@estacionamento, mode:FULL, rate:0, size:114
2025-12-14 23:41:36, EXEC, v:1, k:poo@estacionamento, mode:FULL, rate:0, size:116
2025-12-14 23:42:05, EXEC, v:1, k:poo@estacionamento, mode:FULL, rate:0, size:116
2025-12-14 23:44:03, EXEC, v:1, k:poo@estacionamento, mode:FULL, rate:0, size:116
2025-12-14 23:47:31, EXEC, v:1, k:poo@estacionamento, mode:FULL, rate:0, size:126
2025-12-14 23:49:40, EXEC, v:1, k:poo@estacionamento, mode:FULL, rate:0, size:126
2025-12-14 23:49:59, EXEC, v:1, k:poo@estacionamento, mode:FULL, rate:0, size:126
2025-12-14 23:50:05, EXEC, v:1, k:poo@estacionamento, mode:FULL, rate:0, size:126
2025-12-14 23:50:17, EXEC, v:1, k:poo@estacionamento, mode:FULL, rate:0, size:126
2025-12-14 23:50:23, EXEC, v:1, k:poo@estacionamento, mode:FULL, rate:25, size:126
2025-12-14 23:55:45, EXEC, v:1, k:poo@estacionamento, mode:FULL, rate:0, size:134
2025-12-14 23:59:10, EXEC, v:1, k:poo@estacionamento, mode:FULL, rate:0, size:123
