2025-12-08 10:53:41, MOVE, v:1, k:poo@zoo, mode:DOWN
2025-12-08 10:53:54, MOVE, v:1, k:poo@zoo, mode:PICK
2025-12-08 10:53:56, EXEC, v:1, k:poo@zoo, mode:LOCK, rate:100, size:0
2025-12-08 10:53:57, MOVE, v:1, k:poo@zoo, mode:BACK
2025-12-08 11:22:00, MOVE, v:1, k:poo@zoo, mode:PICK
2025-12-08 11:22:01, EXEC, v:1, k:poo@zoo, mode:LOCK, rate:0, size:71
2025-12-08 11:22:51, EXEC, v:1, k:poo@zoo, mode:LOCK, rate:0, size:72
2025-12-08 11:22:56, MOVE, v:1, k:poo@zoo, mode:BACK
2025-12-08 11:24:18, MOVE, v:1, k:poo@zoo, mode:PICK
2025-12-08 11:24:18, EXEC, v:1, k:poo@zoo, mode:LOCK, rate:0
2025-12-08 11:24:19, MOVE, v:1, k:poo@zoo, mode:BACK
2025-12-08 11:46:49, MOVE, v:1, k:poo@pagamento, mode:DOWN
2025-12-08 11:47:03, MOVE, v:1, k:poo@pagamento, mode:PICK
2025-12-08 11:47:04, EXEC, v:1, k:poo@pagamento, mode:LOCK, rate:100, size:0
2025-12-08 11:47:04, MOVE, v:1, k:poo@pagamento, mode:BACK
2025-12-08 12:00:53, MOVE, v:1, k:poo@pagamento, mode:PICK
2025-12-08 12:00:54, EXEC, v:1, k:poo@pagamento, mode:LOCK, rate:100, size:24
2025-12-08 12:00:55, MOVE, v:1, k:poo@pagamento, mode:BACK
2025-12-08 12:09:33, MOVE, v:1, k:poo@pagamento, mode:PICK
2025-12-08 12:09:33, EXEC, v:1, k:poo@pagamento, mode:LOCK, rate:100
2025-12-08 12:09:34, EXEC, v:1, k:poo@pagamento, mode:LOCK, rate:100
2025-12-08 12:09:34, EXEC, v:1, k:poo@pagamento, mode:LOCK, rate:100
2025-12-08 12:09:34, EXEC, v:1, k:poo@pagamento, mode:LOCK, rate:100
2025-12-08 12:09:35, EXEC, v:1, k:poo@pagamento, mode:LOCK, rate:100
2025-12-08 12:09:35, EXEC, v:1, k:poo@pagamento, mode:LOCK, rate:100
2025-12-08 12:09:35, MOVE, v:1, k:poo@pagamento, mode:BACK
2025-12-08 12:09:41, MOVE, v:1, k:poo@pagamento, mode:PICK
2025-12-08 12:09:42, EXEC, v:1, k:poo@pagamento, mode:LOCK, rate:100
2025-12-08 12:09:42, MOVE, v:1, k:poo@pagamento, mode:BACK
2025-12-08 12:27:29, MOVE, v:1, k:poo@pagamento, mode:PICK
2025-12-08 12:27:29, EXEC, v:1, k:poo@pagamento, mode:LOCK, rate:0, size:68
2025-12-08 12:28:34, EXEC, v:1, k:poo@pagamento, mode:LOCK, rate:0
2025-12-08 12:28:36, EXEC, v:1, k:poo@pagamento, mode:LOCK, rate:0
2025-12-08 12:28:41, MOVE, v:1, k:poo@pagamento, mode:BACK
